  ProyectoFinal.cpp
C:\Users\bayo1\OneDrive\Escritorio\Repositorio\316207210_Proyecto_Gpo08\ProyectoFinal\ProyectoFinal\ProyectoFinal.cpp(359,30): warning C4244: 'inicializando': conversión de 'double' a 'GLfloat'; posible pérdida de datos
C:\Users\bayo1\OneDrive\Escritorio\Repositorio\316207210_Proyecto_Gpo08\ProyectoFinal\ProyectoFinal\ProyectoFinal.cpp(594,93): warning C4305: 'argumento': truncamiento de 'double' a 'GLfloat'
C:\Users\bayo1\OneDrive\Escritorio\Repositorio\316207210_Proyecto_Gpo08\ProyectoFinal\ProyectoFinal\ProyectoFinal.cpp(802,48): warning C4244: '=': conversión de 'double' a 'float'; posible pérdida de datos
C:\Users\bayo1\OneDrive\Escritorio\Repositorio\316207210_Proyecto_Gpo08\ProyectoFinal\ProyectoFinal\ProyectoFinal.cpp(824,50): warning C4244: '=': conversión de 'double' a 'float'; posible pérdida de datos
C:\Users\bayo1\OneDrive\Escritorio\Repositorio\316207210_Proyecto_Gpo08\ProyectoFinal\ProyectoFinal\ProyectoFinal.cpp(965,17): warning C4244: '=': conversión de 'double' a 'GLfloat'; posible pérdida de datos
C:\Users\bayo1\OneDrive\Escritorio\Repositorio\316207210_Proyecto_Gpo08\ProyectoFinal\ProyectoFinal\ProyectoFinal.cpp(966,17): warning C4244: '=': conversión de 'double' a 'GLfloat'; posible pérdida de datos
C:\Users\bayo1\OneDrive\Escritorio\Repositorio\316207210_Proyecto_Gpo08\ProyectoFinal\ProyectoFinal\ProyectoFinal.cpp(970,21): warning C4244: 'inicializando': conversión de 'double' a 'GLfloat'; posible pérdida de datos
C:\Users\bayo1\OneDrive\Escritorio\Repositorio\316207210_Proyecto_Gpo08\ProyectoFinal\ProyectoFinal\ProyectoFinal.cpp(971,21): warning C4244: 'inicializando': conversión de 'double' a 'GLfloat'; posible pérdida de datos
C:\Users\bayo1\OneDrive\Escritorio\Repositorio\316207210_Proyecto_Gpo08\ProyectoFinal\ProyectoFinal\ProyectoFinal.cpp(973,13): warning C4244: '=': conversión de 'double' a 'GLfloat'; posible pérdida de datos
C:\Users\bayo1\OneDrive\Escritorio\Repositorio\316207210_Proyecto_Gpo08\ProyectoFinal\ProyectoFinal\ProyectoFinal.cpp(974,13): warning C4244: '=': conversión de 'double' a 'GLfloat'; posible pérdida de datos
soil2-debug.lib(SOIL2.obj) : warning LNK4075: se omite '/EDITANDCONTINUE' debido a la especificación '/OPT:ICF'
LINK : warning LNK4098: la biblioteca predeterminada'MSVCRTD' entra en conflicto con otras bibliotecas; use la biblioteca /NODEFAULTLIB:biblioteca
  Generando código
  1 of 691 functions ( 0.1%) were compiled, the rest were copied from previous compilation.
    0 functions were new in current compilation
    0 functions had inline decision re-evaluated but remain unchanged
  Generación de código finalizada
soil2-debug.lib(etc1_utils.obj) : warning LNK4099: no se encontró PDB '' con 'soil2-debug.lib(etc1_utils.obj)' o en ''; se vinculará el objeto sin tener en cuenta información de depuración
soil2-debug.lib(image_DXT.obj) : warning LNK4099: no se encontró PDB 'soil2-debug.pdb' con 'soil2-debug.lib(image_DXT.obj)' o en 'C:\Users\bayo1\OneDrive\Escritorio\Repositorio\316207210_Proyecto_Gpo08\ProyectoFinal\Release\soil2-debug.pdb'; se vinculará el objeto sin tener en cuenta información de depuración
soil2-debug.lib(image_helper.obj) : warning LNK4099: no se encontró PDB 'soil2-debug.pdb' con 'soil2-debug.lib(image_helper.obj)' o en 'C:\Users\bayo1\OneDrive\Escritorio\Repositorio\316207210_Proyecto_Gpo08\ProyectoFinal\Release\soil2-debug.pdb'; se vinculará el objeto sin tener en cuenta información de depuración
soil2-debug.lib(SOIL2.obj) : warning LNK4099: no se encontró PDB 'soil2-debug.pdb' con 'soil2-debug.lib(SOIL2.obj)' o en 'C:\Users\bayo1\OneDrive\Escritorio\Repositorio\316207210_Proyecto_Gpo08\ProyectoFinal\Release\soil2-debug.pdb'; se vinculará el objeto sin tener en cuenta información de depuración
  ProyectoFinal.vcxproj -> C:\Users\bayo1\OneDrive\Escritorio\Repositorio\316207210_Proyecto_Gpo08\ProyectoFinal\Release\ProyectoFinal.exe
